<?xml version="1.0" encoding="UTF-8"?>
<!-- Generated by org.testng.reporters.JUnitXMLReporter -->
<testsuite ignored="3" hostname="MAA-5CG0263H4C" failures="0" tests="1" name="Test_group" time="0.067" errors="0" timestamp="2022-12-23T16:54:56 IST">
  <testcase classname="TestNg.group" name="signup" time="0.013"/>
  <testcase classname="TestNg.group" name="register" time="0.0">
    <ignored/>
  </testcase> <!-- register -->
  <testcase classname="TestNg.group" name="delete" time="0.0">
    <ignored/>
  </testcase> <!-- delete -->
  <testcase classname="TestNg.group" name="added" time="0.0">
    <ignored/>
  </testcase> <!-- added -->
</testsuite> <!-- Test_group -->
