<?xml version="1.0" encoding="UTF-8"?>
<!-- Generated by org.testng.reporters.JUnitXMLReporter -->
<testsuite ignored="2" hostname="MAA-5CG0263H4C" failures="0" tests="3" name="Test_group2" time="0.087" errors="0" timestamp="2022-12-28T18:08:59 IST">
  <testcase classname="TestNg.group1" name="delete" time="0.012"/>
  <testcase classname="TestNg.group" name="delete" time="0.001"/>
  <testcase classname="TestNg.group" name="signup" time="0.001"/>
  <testcase classname="TestNg.group1" name="span" time="0.0">
    <ignored/>
  </testcase> <!-- span -->
  <testcase classname="TestNg.group" name="added" time="0.0">
    <ignored/>
  </testcase> <!-- added -->
</testsuite> <!-- Test_group2 -->
